<?xml version="1.0" encoding="UTF-8"?>
<!-- Generated by org.testng.reporters.JUnitXMLReporter -->
<testsuite hostname="DESKTOP-J5AE2P2" ignored="0" name="zezign application test cases" tests="1" failures="1" timestamp="22 Aug 2019 11:25:58 GMT" time="47.177" errors="0">
  <testcase name="addtocart" time="14.479" classname="com.zezign.qa.testcases.HomePageTest">
    <failure type="org.openqa.selenium.ElementClickInterceptedException" message="element click intercepted: Element &amp;lt;label for=&amp;quot;...&amp;quot;&amp;gt;M&amp;lt;/label&amp;gt; is not clickable at point (1100, 598). Other element would receive the click: &amp;lt;div class=&amp;quot;page-loading-icon&amp;quot; style=&amp;quot;opacity: 0.526585;&amp;quot;&amp;gt;&amp;lt;/div&amp;gt;
  (Session info: chrome=76.0.3809.100)
Build info: version: &amp;apos;3.14.0&amp;apos;, revision: &amp;apos;aacccce0&amp;apos;, time: &amp;apos;2018-08-02T20:19:58.91Z&amp;apos;
System info: host: &amp;apos;DESKTOP-J5AE2P2&amp;apos;, ip: &amp;apos;192.168.223.2&amp;apos;, os.name: &amp;apos;Windows 10&amp;apos;, os.arch: &amp;apos;amd64&amp;apos;, os.version: &amp;apos;10.0&amp;apos;, java.version: &amp;apos;1.8.0_162&amp;apos;
Driver info: org.openqa.selenium.chrome.ChromeDriver
Capabilities {acceptInsecureCerts: false, browserName: chrome, browserVersion: 76.0.3809.100, chrome: {chromedriverVersion: 75.0.3770.140 (2d9f97485c7b..., userDataDir: C:\Users\VIRTUA~1\AppData\L...}, goog:chromeOptions: {debuggerAddress: localhost:53846}, javascriptEnabled: true, networkConnectionEnabled: false, pageLoadStrategy: normal, platform: XP, platformName: XP, proxy: Proxy(), setWindowRect: true, strictFileInteractability: false, timeouts: {implicit: 0, pageLoad: 300000, script: 30000}, unhandledPromptBehavior: dismiss and notify}
Session ID: 32df51347d78563fd8723ad010484184">
      <![CDATA[org.openqa.selenium.ElementClickInterceptedException: element click intercepted: Element <label for="...">M</label> is not clickable at point (1100, 598). Other element would receive the click: <div class="page-loading-icon" style="opacity: 0.526585;"></div>
  (Session info: chrome=76.0.3809.100)
Build info: version: '3.14.0', revision: 'aacccce0', time: '2018-08-02T20:19:58.91Z'
System info: host: 'DESKTOP-J5AE2P2', ip: '192.168.223.2', os.name: 'Windows 10', os.arch: 'amd64', os.version: '10.0', java.version: '1.8.0_162'
Driver info: org.openqa.selenium.chrome.ChromeDriver
Capabilities {acceptInsecureCerts: false, browserName: chrome, browserVersion: 76.0.3809.100, chrome: {chromedriverVersion: 75.0.3770.140 (2d9f97485c7b..., userDataDir: C:\Users\VIRTUA~1\AppData\L...}, goog:chromeOptions: {debuggerAddress: localhost:53846}, javascriptEnabled: true, networkConnectionEnabled: false, pageLoadStrategy: normal, platform: XP, platformName: XP, proxy: Proxy(), setWindowRect: true, strictFileInteractability: false, timeouts: {implicit: 0, pageLoad: 300000, script: 30000}, unhandledPromptBehavior: dismiss and notify}
Session ID: 32df51347d78563fd8723ad010484184
at org.openqa.selenium.remote.http.W3CHttpResponseCodec.createException(W3CHttpResponseCodec.java:187)
at org.openqa.selenium.remote.http.W3CHttpResponseCodec.decode(W3CHttpResponseCodec.java:122)
at org.openqa.selenium.remote.http.W3CHttpResponseCodec.decode(W3CHttpResponseCodec.java:49)
at org.openqa.selenium.remote.HttpCommandExecutor.execute(HttpCommandExecutor.java:158)
at org.openqa.selenium.remote.service.DriverCommandExecutor.execute(DriverCommandExecutor.java:83)
at org.openqa.selenium.remote.RemoteWebDriver.execute(RemoteWebDriver.java:548)
at org.openqa.selenium.remote.RemoteWebElement.execute(RemoteWebElement.java:276)
at org.openqa.selenium.remote.RemoteWebElement.click(RemoteWebElement.java:83)
at org.openqa.selenium.support.pagefactory.internal.LocatingElementHandler.invoke(LocatingElementHandler.java:51)
at com.sun.proxy.$Proxy9.click(Unknown Source)
at com.zezign.qa.pages.Homepage.login(Homepage.java:80)
at com.zezign.qa.testcases.HomePageTest.addtocart(HomePageTest.java:29)
... Removed 33 stack frames]]>
    </failure>
  </testcase> <!-- addtocart -->
</testsuite> <!-- zezign application test cases -->
